{"C:\\Users\\nahue\\Desktop\\Api_Ts_Srv\\src\\router.ts": {"path":"C:\\Users\\nahue\\Desktop\\Api_Ts_Srv\\src\\router.ts","statementMap":{"0":{"start":{"line":1,"column":0},"end":{"line":1,"column":33}},"1":{"start":{"line":2,"column":0},"end":{"line":2,"column":129}},"2":{"start":{"line":3,"column":0},"end":{"line":3,"column":48}},"3":{"start":{"line":4,"column":0},"end":{"line":4,"column":50}},"4":{"start":{"line":6,"column":15},"end":{"line":6,"column":23}},"5":{"start":{"line":9,"column":0},"end":{"line":9,"column":28}},"6":{"start":{"line":10,"column":0},"end":{"line":10,"column":103}},"7":{"start":{"line":12,"column":0},"end":{"line":21,"column":10}},"8":{"start":{"line":18,"column":29},"end":{"line":18,"column":38}},"9":{"start":{"line":23,"column":0},"end":{"line":32,"column":2}},"10":{"start":{"line":28,"column":25},"end":{"line":28,"column":34}},"11":{"start":{"line":34,"column":0},"end":{"line":34,"column":109}},"12":{"start":{"line":36,"column":0},"end":{"line":36,"column":105}},"13":{"start":{"line":38,"column":0},"end":{"line":38,"column":22}}},"fnMap":{"0":{"name":"(anonymous_0)","decl":{"start":{"line":18,"column":20},"end":{"line":18,"column":25}},"loc":{"start":{"line":18,"column":29},"end":{"line":18,"column":38}}},"1":{"name":"(anonymous_1)","decl":{"start":{"line":28,"column":16},"end":{"line":28,"column":21}},"loc":{"start":{"line":28,"column":25},"end":{"line":28,"column":34}}}},"branchMap":{},"s":{"0":2,"1":2,"2":2,"3":2,"4":2,"5":2,"6":2,"7":2,"8":4,"9":2,"10":5,"11":2,"12":2,"13":2},"f":{"0":4,"1":5},"b":{}}
,"C:\\Users\\nahue\\Desktop\\Api_Ts_Srv\\src\\server.ts": {"path":"C:\\Users\\nahue\\Desktop\\Api_Ts_Srv\\src\\server.ts","statementMap":{"0":{"start":{"line":1,"column":0},"end":{"line":1,"column":30}},"1":{"start":{"line":2,"column":0},"end":{"line":2,"column":30}},"2":{"start":{"line":3,"column":0},"end":{"line":3,"column":29}},"3":{"start":{"line":4,"column":0},"end":{"line":4,"column":28}},"4":{"start":{"line":7,"column":4},"end":{"line":14,"column":5}},"5":{"start":{"line":8,"column":8},"end":{"line":8,"column":32}},"6":{"start":{"line":9,"column":8},"end":{"line":9,"column":null}},"7":{"start":{"line":13,"column":8},"end":{"line":13,"column":70}},"8":{"start":{"line":6,"column":0},"end":{"line":6,"column":22}},"9":{"start":{"line":16,"column":0},"end":{"line":16,"column":12}},"10":{"start":{"line":18,"column":15},"end":{"line":18,"column":24}},"11":{"start":{"line":20,"column":0},"end":{"line":20,"column":27}},"12":{"start":{"line":21,"column":0},"end":{"line":21,"column":36}},"13":{"start":{"line":23,"column":0},"end":{"line":27,"column":3}},"14":{"start":{"line":24,"column":4},"end":{"line":26,"column":7}},"15":{"start":{"line":29,"column":0},"end":{"line":29,"column":22}}},"fnMap":{"0":{"name":"connectDB","decl":{"start":{"line":6,"column":22},"end":{"line":6,"column":31}},"loc":{"start":{"line":6,"column":31},"end":{"line":15,"column":null}}},"1":{"name":"(anonymous_10)","decl":{"start":{"line":23,"column":19},"end":{"line":23,"column":20}},"loc":{"start":{"line":23,"column":32},"end":{"line":27,"column":1}}}},"branchMap":{},"s":{"0":2,"1":2,"2":2,"3":2,"4":3,"5":3,"6":2,"7":1,"8":2,"9":2,"10":2,"11":2,"12":2,"13":2,"14":1,"15":2},"f":{"0":3,"1":1},"b":{}}
,"C:\\Users\\nahue\\Desktop\\Api_Ts_Srv\\src\\config\\db.ts": {"path":"C:\\Users\\nahue\\Desktop\\Api_Ts_Srv\\src\\config\\db.ts","statementMap":{"0":{"start":{"line":1,"column":0},"end":{"line":1,"column":49}},"1":{"start":{"line":2,"column":0},"end":{"line":2,"column":28}},"2":{"start":{"line":4,"column":0},"end":{"line":4,"column":16}},"3":{"start":{"line":7,"column":11},"end":{"line":10,"column":2}},"4":{"start":{"line":12,"column":0},"end":{"line":12,"column":18}}},"fnMap":{},"branchMap":{},"s":{"0":2,"1":2,"2":2,"3":2,"4":2},"f":{},"b":{}}
,"C:\\Users\\nahue\\Desktop\\Api_Ts_Srv\\src\\handlers\\product.ts": {"path":"C:\\Users\\nahue\\Desktop\\Api_Ts_Srv\\src\\handlers\\product.ts","statementMap":{"0":{"start":{"line":2,"column":0},"end":{"line":2,"column":46}},"1":{"start":{"line":4,"column":26},"end":{"line":14,"column":null}},"2":{"start":{"line":4,"column":64},"end":{"line":14,"column":null}},"3":{"start":{"line":6,"column":21},"end":{"line":11,"column":6}},"4":{"start":{"line":12,"column":4},"end":{"line":12,"column":31}},"5":{"start":{"line":4,"column":13},"end":{"line":4,"column":26}},"6":{"start":{"line":16,"column":30},"end":{"line":26,"column":null}},"7":{"start":{"line":16,"column":68},"end":{"line":26,"column":null}},"8":{"start":{"line":18,"column":4},"end":{"line":18,"column":31}},"9":{"start":{"line":19,"column":19},"end":{"line":19,"column":29}},"10":{"start":{"line":20,"column":20},"end":{"line":20,"column":46}},"11":{"start":{"line":21,"column":4},"end":{"line":23,"column":5}},"12":{"start":{"line":22,"column":8},"end":{"line":22,"column":68}},"13":{"start":{"line":24,"column":4},"end":{"line":24,"column":30}},"14":{"start":{"line":16,"column":13},"end":{"line":16,"column":30}},"15":{"start":{"line":28,"column":29},"end":{"line":33,"column":null}},"16":{"start":{"line":28,"column":67},"end":{"line":33,"column":null}},"17":{"start":{"line":30,"column":20},"end":{"line":30,"column":50}},"18":{"start":{"line":31,"column":4},"end":{"line":31,"column":42}},"19":{"start":{"line":28,"column":13},"end":{"line":28,"column":29}},"20":{"start":{"line":35,"column":29},"end":{"line":47,"column":null}},"21":{"start":{"line":35,"column":67},"end":{"line":47,"column":null}},"22":{"start":{"line":36,"column":19},"end":{"line":36,"column":29}},"23":{"start":{"line":37,"column":20},"end":{"line":37,"column":46}},"24":{"start":{"line":39,"column":8},"end":{"line":41,"column":9}},"25":{"start":{"line":40,"column":12},"end":{"line":40,"column":72}},"26":{"start":{"line":43,"column":4},"end":{"line":43,"column":35}},"27":{"start":{"line":44,"column":4},"end":{"line":44,"column":25}},"28":{"start":{"line":46,"column":4},"end":{"line":46,"column":30}},"29":{"start":{"line":35,"column":13},"end":{"line":35,"column":29}},"30":{"start":{"line":49,"column":34},"end":{"line":61,"column":null}},"31":{"start":{"line":49,"column":72},"end":{"line":61,"column":null}},"32":{"start":{"line":50,"column":19},"end":{"line":50,"column":29}},"33":{"start":{"line":51,"column":20},"end":{"line":51,"column":46}},"34":{"start":{"line":53,"column":4},"end":{"line":55,"column":5}},"35":{"start":{"line":54,"column":8},"end":{"line":54,"column":68}},"36":{"start":{"line":57,"column":4},"end":{"line":57,"column":60}},"37":{"start":{"line":58,"column":4},"end":{"line":58,"column":25}},"38":{"start":{"line":60,"column":4},"end":{"line":60,"column":30}},"39":{"start":{"line":49,"column":13},"end":{"line":49,"column":34}},"40":{"start":{"line":63,"column":29},"end":{"line":72,"column":null}},"41":{"start":{"line":63,"column":67},"end":{"line":72,"column":null}},"42":{"start":{"line":64,"column":19},"end":{"line":64,"column":29}},"43":{"start":{"line":65,"column":20},"end":{"line":65,"column":46}},"44":{"start":{"line":67,"column":8},"end":{"line":69,"column":9}},"45":{"start":{"line":68,"column":12},"end":{"line":68,"column":72}},"46":{"start":{"line":70,"column":4},"end":{"line":70,"column":28}},"47":{"start":{"line":71,"column":4},"end":{"line":71,"column":42}},"48":{"start":{"line":63,"column":13},"end":{"line":63,"column":29}}},"fnMap":{"0":{"name":"(anonymous_8)","decl":{"start":{"line":4,"column":26},"end":{"line":4,"column":33}},"loc":{"start":{"line":4,"column":64},"end":{"line":14,"column":null}}},"1":{"name":"(anonymous_9)","decl":{"start":{"line":4,"column":64},"end":{"line":4,"column":null}},"loc":{"start":{"line":4,"column":64},"end":{"line":14,"column":1}}},"2":{"name":"(anonymous_10)","decl":{"start":{"line":16,"column":30},"end":{"line":16,"column":37}},"loc":{"start":{"line":16,"column":68},"end":{"line":26,"column":null}}},"3":{"name":"(anonymous_11)","decl":{"start":{"line":16,"column":68},"end":{"line":16,"column":null}},"loc":{"start":{"line":16,"column":68},"end":{"line":26,"column":1}}},"4":{"name":"(anonymous_12)","decl":{"start":{"line":28,"column":29},"end":{"line":28,"column":36}},"loc":{"start":{"line":28,"column":67},"end":{"line":33,"column":null}}},"5":{"name":"(anonymous_13)","decl":{"start":{"line":28,"column":67},"end":{"line":28,"column":null}},"loc":{"start":{"line":28,"column":67},"end":{"line":33,"column":1}}},"6":{"name":"(anonymous_14)","decl":{"start":{"line":35,"column":29},"end":{"line":35,"column":36}},"loc":{"start":{"line":35,"column":67},"end":{"line":47,"column":null}}},"7":{"name":"(anonymous_15)","decl":{"start":{"line":35,"column":67},"end":{"line":35,"column":null}},"loc":{"start":{"line":35,"column":67},"end":{"line":47,"column":1}}},"8":{"name":"(anonymous_16)","decl":{"start":{"line":49,"column":34},"end":{"line":49,"column":41}},"loc":{"start":{"line":49,"column":72},"end":{"line":61,"column":null}}},"9":{"name":"(anonymous_17)","decl":{"start":{"line":49,"column":72},"end":{"line":49,"column":null}},"loc":{"start":{"line":49,"column":72},"end":{"line":61,"column":1}}},"10":{"name":"(anonymous_18)","decl":{"start":{"line":63,"column":29},"end":{"line":63,"column":36}},"loc":{"start":{"line":63,"column":67},"end":{"line":72,"column":null}}},"11":{"name":"(anonymous_19)","decl":{"start":{"line":63,"column":67},"end":{"line":63,"column":null}},"loc":{"start":{"line":63,"column":67},"end":{"line":72,"column":1}}}},"branchMap":{"0":{"loc":{"start":{"line":21,"column":4},"end":{"line":23,"column":5}},"type":"if","locations":[{"start":{"line":21,"column":4},"end":{"line":23,"column":5}}]},"1":{"loc":{"start":{"line":39,"column":8},"end":{"line":41,"column":9}},"type":"if","locations":[{"start":{"line":39,"column":8},"end":{"line":41,"column":9}}]},"2":{"loc":{"start":{"line":53,"column":4},"end":{"line":55,"column":5}},"type":"if","locations":[{"start":{"line":53,"column":4},"end":{"line":55,"column":5}}]},"3":{"loc":{"start":{"line":67,"column":8},"end":{"line":69,"column":9}},"type":"if","locations":[{"start":{"line":67,"column":8},"end":{"line":69,"column":9}}]}},"s":{"0":2,"1":2,"2":2,"3":2,"4":2,"5":2,"6":2,"7":2,"8":2,"9":2,"10":2,"11":2,"12":1,"13":1,"14":2,"15":2,"16":1,"17":1,"18":1,"19":2,"20":2,"21":2,"22":2,"23":2,"24":2,"25":1,"26":1,"27":1,"28":1,"29":2,"30":2,"31":2,"32":2,"33":2,"34":2,"35":1,"36":1,"37":1,"38":1,"39":2,"40":2,"41":2,"42":2,"43":2,"44":2,"45":1,"46":1,"47":1,"48":2},"f":{"0":2,"1":2,"2":2,"3":2,"4":1,"5":1,"6":2,"7":2,"8":2,"9":2,"10":2,"11":2},"b":{"0":[1],"1":[1],"2":[1],"3":[1]}}
,"C:\\Users\\nahue\\Desktop\\Api_Ts_Srv\\src\\middlewares\\index.ts": {"path":"C:\\Users\\nahue\\Desktop\\Api_Ts_Srv\\src\\middlewares\\index.ts","statementMap":{"0":{"start":{"line":2,"column":0},"end":{"line":2,"column":53}},"1":{"start":{"line":4,"column":33},"end":{"line":13,"column":1}},"2":{"start":{"line":6,"column":16},"end":{"line":6,"column":37}},"3":{"start":{"line":8,"column":4},"end":{"line":10,"column":5}},"4":{"start":{"line":9,"column":8},"end":{"line":9,"column":62}},"5":{"start":{"line":12,"column":4},"end":{"line":12,"column":11}},"6":{"start":{"line":4,"column":13},"end":{"line":4,"column":33}}},"fnMap":{"0":{"name":"(anonymous_0)","decl":{"start":{"line":4,"column":33},"end":{"line":4,"column":34}},"loc":{"start":{"line":4,"column":85},"end":{"line":13,"column":1}}}},"branchMap":{"0":{"loc":{"start":{"line":8,"column":4},"end":{"line":10,"column":5}},"type":"if","locations":[{"start":{"line":8,"column":4},"end":{"line":10,"column":5}}]}},"s":{"0":2,"1":2,"2":17,"3":17,"4":8,"5":9,"6":2},"f":{"0":17},"b":{"0":[8]}}
,"C:\\Users\\nahue\\Desktop\\Api_Ts_Srv\\src\\models\\Product.model.ts": {"path":"C:\\Users\\nahue\\Desktop\\Api_Ts_Srv\\src\\models\\Product.model.ts","statementMap":{"0":{"start":{"line":1,"column":0},"end":{"line":1,"column":79}},"1":{"start":{"line":6,"column":0},"end":{"line":17,"column":null}},"2":{"start":{"line":9,"column":12},"end":{"line":9,"column":null}},"3":{"start":{"line":12,"column":12},"end":{"line":12,"column":null}},"4":{"start":{"line":16,"column":12},"end":{"line":16,"column":null}},"5":{"start":{"line":6,"column":6},"end":{"line":17,"column":null}},"6":{"start":{"line":19,"column":0},"end":{"line":19,"column":23}}},"fnMap":{},"branchMap":{},"s":{"0":3,"1":3,"2":3,"3":3,"4":3,"5":3,"6":3},"f":{},"b":{}}
}
