TN:
SF:src\router.ts
FN:18,(anonymous_0)
FN:28,(anonymous_1)
FNF:2
FNH:2
FNDA:4,(anonymous_0)
FNDA:5,(anonymous_1)
DA:1,2
DA:2,2
DA:3,2
DA:4,2
DA:6,2
DA:9,2
DA:10,2
DA:12,2
DA:18,4
DA:23,2
DA:28,5
DA:34,2
DA:36,2
DA:38,2
LF:14
LH:14
BRF:0
BRH:0
end_of_record
TN:
SF:src\server.ts
FN:6,connectDB
FN:23,(anonymous_10)
FNF:2
FNH:2
FNDA:3,connectDB
FNDA:1,(anonymous_10)
DA:1,2
DA:2,2
DA:3,2
DA:4,2
DA:6,2
DA:7,3
DA:8,3
DA:9,2
DA:13,1
DA:16,2
DA:18,2
DA:20,2
DA:21,2
DA:23,2
DA:24,1
DA:29,2
LF:16
LH:16
BRF:0
BRH:0
end_of_record
TN:
SF:src\config\db.ts
FNF:0
FNH:0
DA:1,2
DA:2,2
DA:4,2
DA:7,2
DA:12,2
LF:5
LH:5
BRF:0
BRH:0
end_of_record
TN:
SF:src\handlers\product.ts
FN:4,(anonymous_8)
FN:4,(anonymous_9)
FN:16,(anonymous_10)
FN:16,(anonymous_11)
FN:28,(anonymous_12)
FN:28,(anonymous_13)
FN:35,(anonymous_14)
FN:35,(anonymous_15)
FN:49,(anonymous_16)
FN:49,(anonymous_17)
FN:63,(anonymous_18)
FN:63,(anonymous_19)
FNF:12
FNH:12
FNDA:2,(anonymous_8)
FNDA:2,(anonymous_9)
FNDA:2,(anonymous_10)
FNDA:2,(anonymous_11)
FNDA:1,(anonymous_12)
FNDA:1,(anonymous_13)
FNDA:2,(anonymous_14)
FNDA:2,(anonymous_15)
FNDA:2,(anonymous_16)
FNDA:2,(anonymous_17)
FNDA:2,(anonymous_18)
FNDA:2,(anonymous_19)
DA:2,2
DA:4,2
DA:6,2
DA:12,2
DA:16,2
DA:18,2
DA:19,2
DA:20,2
DA:21,2
DA:22,1
DA:24,1
DA:28,2
DA:30,1
DA:31,1
DA:35,2
DA:36,2
DA:37,2
DA:39,2
DA:40,1
DA:43,1
DA:44,1
DA:46,1
DA:49,2
DA:50,2
DA:51,2
DA:53,2
DA:54,1
DA:57,1
DA:58,1
DA:60,1
DA:63,2
DA:64,2
DA:65,2
DA:67,2
DA:68,1
DA:70,1
DA:71,1
LF:37
LH:37
BRDA:21,0,0,1
BRDA:39,1,0,1
BRDA:53,2,0,1
BRDA:67,3,0,1
BRF:4
BRH:4
end_of_record
TN:
SF:src\middlewares\index.ts
FN:4,(anonymous_0)
FNF:1
FNH:1
FNDA:17,(anonymous_0)
DA:2,2
DA:4,2
DA:6,17
DA:8,17
DA:9,8
DA:12,9
LF:6
LH:6
BRDA:8,0,0,8
BRF:1
BRH:1
end_of_record
TN:
SF:src\models\Product.model.ts
FNF:0
FNH:0
DA:1,3
DA:6,3
DA:9,3
DA:12,3
DA:16,3
DA:19,3
LF:6
LH:6
BRF:0
BRH:0
end_of_record
